<?xml version="1.0" encoding="UTF-8"?>
<testng-results ignored="0" total="1" passed="1" failed="0" skipped="0">
  <reporter-output>
  </reporter-output>
  <suite started-at="2025-04-08T21:41:02 IST" name="Suite" finished-at="2025-04-08T21:41:11 IST" duration-ms="9208">
    <groups>
    </groups>
    <test started-at="2025-04-08T21:41:02 IST" name="Test" finished-at="2025-04-08T21:41:11 IST" duration-ms="9208">
      <class name="process.PDFDown_">
        <test-method signature="downloadPDF()[pri:0, instance:process.PDFDown_@15eb5ee5]" started-at="2025-04-08T21:41:02 IST" name="downloadPDF" finished-at="2025-04-08T21:41:11 IST" duration-ms="9161" status="PASS">
          <reporter-output>
          </reporter-output>
        </test-method> <!-- downloadPDF -->
      </class> <!-- process.PDFDown_ -->
    </test> <!-- Test -->
  </suite> <!-- Suite -->
</testng-results>
